[debug] [2020-09-23T21:00:12.036Z] ----------------------------------------------------------------------
[debug] [2020-09-23T21:00:12.037Z] Command:       C:\Program Files\nodejs\node.exe C:\Users\akhil\AppData\Roaming\npm\node_modules\firebase-tools\lib\bin\firebase.js deploy --debug
[debug] [2020-09-23T21:00:12.038Z] CLI Version:   8.10.0
[debug] [2020-09-23T21:00:12.038Z] Platform:      win32
[debug] [2020-09-23T21:00:12.038Z] Node Version:  v12.16.3
[debug] [2020-09-23T21:00:12.039Z] Time:          Thu Sep 24 2020 02:30:12 GMT+0530 (India Standard Time)
[debug] [2020-09-23T21:00:12.039Z] ----------------------------------------------------------------------
[debug] [2020-09-23T21:00:12.039Z] 
[debug] [2020-09-23T21:00:12.047Z] > command requires scopes: ["email","openid","https://www.googleapis.com/auth/cloudplatformprojects.readonly","https://www.googleapis.com/auth/firebase","https://www.googleapis.com/auth/cloud-platform"]
[debug] [2020-09-23T21:00:12.048Z] > authorizing via signed-in user
[debug] [2020-09-23T21:00:12.049Z] [iam] checking project challenge-4786a for permissions ["cloudfunctions.functions.create","cloudfunctions.functions.delete","cloudfunctions.functions.get","cloudfunctions.functions.list","cloudfunctions.functions.update","cloudfunctions.operations.get","firebase.projects.get","firebasehosting.sites.update"]
[debug] [2020-09-23T21:00:12.052Z] >>> HTTP REQUEST POST https://cloudresourcemanager.googleapis.com/v1/projects/challenge-4786a:testIamPermissions  
 {"permissions":["cloudfunctions.functions.create","cloudfunctions.functions.delete","cloudfunctions.functions.get","cloudfunctions.functions.list","cloudfunctions.functions.update","cloudfunctions.operations.get","firebase.projects.get","firebasehosting.sites.update"]}
[debug] [2020-09-23T21:00:13.356Z] <<< HTTP RESPONSE 200 {"content-type":"application/json; charset=UTF-8","vary":"X-Origin, Referer, Origin,Accept-Encoding","date":"Wed, 23 Sep 2020 21:00:14 GMT","server":"ESF","cache-control":"private","x-xss-protection":"0","x-frame-options":"SAMEORIGIN","x-content-type-options":"nosniff","server-timing":"gfet4t7; dur=1184","alt-svc":"h3-Q050=\":443\"; ma=2592000,h3-29=\":443\"; ma=2592000,h3-27=\":443\"; ma=2592000,h3-T051=\":443\"; ma=2592000,h3-T050=\":443\"; ma=2592000,h3-Q046=\":443\"; ma=2592000,h3-Q043=\":443\"; ma=2592000,quic=\":443\"; ma=2592000; v=\"46,43\"","accept-ranges":"none","transfer-encoding":"chunked"}
[debug] [2020-09-23T21:00:13.359Z] >>> HTTP REQUEST POST https://iam.googleapis.com/v1/projects/challenge-4786a/serviceAccounts/challenge-4786a@appspot.gserviceaccount.com:testIamPermissions  
 {"permissions":["iam.serviceAccounts.actAs"]}
[debug] [2020-09-23T21:00:14.799Z] <<< HTTP RESPONSE 200 {"content-type":"application/json; charset=UTF-8","vary":"X-Origin, Referer, Origin,Accept-Encoding","date":"Wed, 23 Sep 2020 21:00:15 GMT","server":"ESF","cache-control":"private","x-xss-protection":"0","x-frame-options":"SAMEORIGIN","x-content-type-options":"nosniff","alt-svc":"h3-Q050=\":443\"; ma=2592000,h3-29=\":443\"; ma=2592000,h3-27=\":443\"; ma=2592000,h3-T051=\":443\"; ma=2592000,h3-T050=\":443\"; ma=2592000,h3-Q046=\":443\"; ma=2592000,h3-Q043=\":443\"; ma=2592000,quic=\":443\"; ma=2592000; v=\"46,43\"","accept-ranges":"none","transfer-encoding":"chunked"}
[debug] [2020-09-23T21:00:14.803Z] >>> HTTP REQUEST GET https://firebase.googleapis.com/v1beta1/projects/challenge-4786a  
 
[debug] [2020-09-23T21:00:15.193Z] <<< HTTP RESPONSE 200 {"content-type":"application/json; charset=UTF-8","vary":"X-Origin, Referer, Origin,Accept-Encoding","date":"Wed, 23 Sep 2020 21:00:16 GMT","server":"ESF","cache-control":"private","x-xss-protection":"0","x-frame-options":"SAMEORIGIN","x-content-type-options":"nosniff","alt-svc":"h3-Q050=\":443\"; ma=2592000,h3-29=\":443\"; ma=2592000,h3-27=\":443\"; ma=2592000,h3-T051=\":443\"; ma=2592000,h3-T050=\":443\"; ma=2592000,h3-Q046=\":443\"; ma=2592000,h3-Q043=\":443\"; ma=2592000,quic=\":443\"; ma=2592000; v=\"46,43\"","accept-ranges":"none","transfer-encoding":"chunked"}
[info] 
[info] === Deploying to 'challenge-4786a'...
[info] 
[info] i  deploying functions, hosting 
[info] Running command: npm --prefix "$RESOURCE_DIR" run lint
[info] +  functions: Finished running predeploy script. 
[debug] [2020-09-23T21:00:21.430Z] > [functions] package.json contents: {
  "name": "functions",
  "description": "Cloud Functions for Firebase",
  "scripts": {
    "lint": "eslint .",
    "serve": "firebase emulators:start --only functions",
    "shell": "firebase functions:shell",
    "start": "npm run shell",
    "deploy": "firebase deploy --only functions",
    "logs": "firebase functions:log"
  },
  "engines": {
    "node": "12"
  },
  "main": "index.js",
  "dependencies": {
    "cors": "^2.8.5",
    "express": "^4.17.1",
    "firebase-admin": "^8.10.0",
    "firebase-functions": "^3.6.1",
    "stripe": "^8.97.0"
  },
  "devDependencies": {
    "eslint": "^5.12.0",
    "eslint-plugin-promise": "^4.0.1",
    "firebase-functions-test": "^0.2.0"
  },
  "private": true
}
[info] i  functions: ensuring required API cloudfunctions.googleapis.com is enabled... 
[info] i  functions: ensuring required API cloudbuild.googleapis.com is enabled... 
[debug] [2020-09-23T21:00:22.982Z] >>> HTTP REQUEST GET https://serviceusage.googleapis.com/v1/projects/challenge-4786a/services/cloudfunctions.googleapis.com  
 
[debug] [2020-09-23T21:00:22.989Z] >>> HTTP REQUEST GET https://serviceusage.googleapis.com/v1/projects/challenge-4786a/services/runtimeconfig.googleapis.com  
 
[debug] [2020-09-23T21:00:22.991Z] >>> HTTP REQUEST GET https://serviceusage.googleapis.com/v1/projects/challenge-4786a/services/cloudbuild.googleapis.com  
 
[debug] [2020-09-23T21:00:24.468Z] <<< HTTP RESPONSE 200 {"content-type":"application/json; charset=UTF-8","vary":"X-Origin, Referer, Origin,Accept-Encoding","date":"Wed, 23 Sep 2020 21:00:25 GMT","server":"ESF","cache-control":"private","x-xss-protection":"0","x-frame-options":"SAMEORIGIN","x-content-type-options":"nosniff","alt-svc":"h3-Q050=\":443\"; ma=2592000,h3-29=\":443\"; ma=2592000,h3-27=\":443\"; ma=2592000,h3-T051=\":443\"; ma=2592000,h3-T050=\":443\"; ma=2592000,h3-Q046=\":443\"; ma=2592000,h3-Q043=\":443\"; ma=2592000,quic=\":443\"; ma=2592000; v=\"46,43\"","accept-ranges":"none","transfer-encoding":"chunked"}
[debug] [2020-09-23T21:00:24.483Z] <<< HTTP RESPONSE 200 {"content-type":"application/json; charset=UTF-8","vary":"X-Origin, Referer, Origin,Accept-Encoding","date":"Wed, 23 Sep 2020 21:00:25 GMT","server":"ESF","cache-control":"private","x-xss-protection":"0","x-frame-options":"SAMEORIGIN","x-content-type-options":"nosniff","alt-svc":"h3-Q050=\":443\"; ma=2592000,h3-29=\":443\"; ma=2592000,h3-27=\":443\"; ma=2592000,h3-T051=\":443\"; ma=2592000,h3-T050=\":443\"; ma=2592000,h3-Q046=\":443\"; ma=2592000,h3-Q043=\":443\"; ma=2592000,quic=\":443\"; ma=2592000; v=\"46,43\"","accept-ranges":"none","transfer-encoding":"chunked"}
[info] +  functions: required API cloudbuild.googleapis.com is enabled 
[debug] [2020-09-23T21:00:24.522Z] <<< HTTP RESPONSE 200 {"content-type":"application/json; charset=UTF-8","vary":"X-Origin, Referer, Origin,Accept-Encoding","date":"Wed, 23 Sep 2020 21:00:25 GMT","server":"ESF","cache-control":"private","x-xss-protection":"0","x-frame-options":"SAMEORIGIN","x-content-type-options":"nosniff","alt-svc":"h3-Q050=\":443\"; ma=2592000,h3-29=\":443\"; ma=2592000,h3-27=\":443\"; ma=2592000,h3-T051=\":443\"; ma=2592000,h3-T050=\":443\"; ma=2592000,h3-Q046=\":443\"; ma=2592000,h3-Q043=\":443\"; ma=2592000,quic=\":443\"; ma=2592000; v=\"46,43\"","accept-ranges":"none","transfer-encoding":"chunked"}
[info] +  functions: required API cloudfunctions.googleapis.com is enabled 
[debug] [2020-09-23T21:00:24.525Z] >>> HTTP REQUEST GET https://firebase.googleapis.com/v1beta1/projects/challenge-4786a/adminSdkConfig  
 
[debug] [2020-09-23T21:00:25.109Z] <<< HTTP RESPONSE 200 {"content-type":"application/json; charset=UTF-8","vary":"X-Origin, Referer, Origin,Accept-Encoding","date":"Wed, 23 Sep 2020 21:00:26 GMT","server":"ESF","cache-control":"private","x-xss-protection":"0","x-frame-options":"SAMEORIGIN","x-content-type-options":"nosniff","alt-svc":"h3-Q050=\":443\"; ma=2592000,h3-29=\":443\"; ma=2592000,h3-27=\":443\"; ma=2592000,h3-T051=\":443\"; ma=2592000,h3-T050=\":443\"; ma=2592000,h3-Q046=\":443\"; ma=2592000,h3-Q043=\":443\"; ma=2592000,quic=\":443\"; ma=2592000; v=\"46,43\"","accept-ranges":"none","transfer-encoding":"chunked"}
[debug] [2020-09-23T21:00:25.133Z] >>> HTTP REQUEST POST https://firebasehosting.googleapis.com/v1beta1/sites/challenge-4786a/versions  
 {"config":{"rewrites":[{"glob":"**","path":"/index.html"}]},"labels":{"deployment-tool":"cli-firebase"}}
[debug] [2020-09-23T21:00:27.112Z] <<< HTTP RESPONSE 200 {"content-type":"application/json; charset=UTF-8","vary":"X-Origin, Referer, Origin,Accept-Encoding","date":"Wed, 23 Sep 2020 21:00:28 GMT","server":"ESF","cache-control":"private","x-xss-protection":"0","x-frame-options":"SAMEORIGIN","x-content-type-options":"nosniff","alt-svc":"h3-Q050=\":443\"; ma=2592000,h3-29=\":443\"; ma=2592000,h3-27=\":443\"; ma=2592000,h3-T051=\":443\"; ma=2592000,h3-T050=\":443\"; ma=2592000,h3-Q046=\":443\"; ma=2592000,h3-Q043=\":443\"; ma=2592000,quic=\":443\"; ma=2592000; v=\"46,43\"","accept-ranges":"none","transfer-encoding":"chunked"}
[info] i  functions: preparing functions directory for uploading... 
[debug] [2020-09-23T21:00:27.174Z] >>> HTTP REQUEST GET https://runtimeconfig.googleapis.com/v1beta1/projects/challenge-4786a/configs  
 
[debug] [2020-09-23T21:00:28.505Z] <<< HTTP RESPONSE 200 {"content-type":"application/json; charset=UTF-8","vary":"X-Origin, Referer, Origin,Accept-Encoding","date":"Wed, 23 Sep 2020 21:00:29 GMT","server":"ESF","cache-control":"private","x-xss-protection":"0","x-frame-options":"SAMEORIGIN","x-content-type-options":"nosniff","alt-svc":"h3-Q050=\":443\"; ma=2592000,h3-29=\":443\"; ma=2592000,h3-27=\":443\"; ma=2592000,h3-T051=\":443\"; ma=2592000,h3-T050=\":443\"; ma=2592000,h3-Q046=\":443\"; ma=2592000,h3-Q043=\":443\"; ma=2592000,quic=\":443\"; ma=2592000; v=\"46,43\"","accept-ranges":"none","transfer-encoding":"chunked"}
[info] i  functions: packaged functions (50.41 KB) for uploading 
[debug] [2020-09-23T21:00:28.864Z] >>> HTTP REQUEST GET https://cloudfunctions.googleapis.com/v1/projects/challenge-4786a/locations/-/functions  
 
[debug] [2020-09-23T21:00:29.535Z] <<< HTTP RESPONSE 200 {"content-type":"application/json; charset=UTF-8","vary":"X-Origin, Referer, Origin,Accept-Encoding","date":"Wed, 23 Sep 2020 21:00:30 GMT","server":"ESF","cache-control":"private","x-xss-protection":"0","x-frame-options":"SAMEORIGIN","x-content-type-options":"nosniff","alt-svc":"h3-Q050=\":443\"; ma=2592000,h3-29=\":443\"; ma=2592000,h3-27=\":443\"; ma=2592000,h3-T051=\":443\"; ma=2592000,h3-T050=\":443\"; ma=2592000,h3-Q046=\":443\"; ma=2592000,h3-Q043=\":443\"; ma=2592000,quic=\":443\"; ma=2592000; v=\"46,43\"","accept-ranges":"none","transfer-encoding":"chunked"}
[debug] [2020-09-23T21:00:29.574Z] [functions] found 1 new HTTP functions, testing setIamPolicy permission...
[debug] [2020-09-23T21:00:29.576Z] >>> HTTP REQUEST POST https://cloudresourcemanager.googleapis.com/v1/projects/challenge-4786a:testIamPermissions  
 {"permissions":["cloudfunctions.functions.setIamPolicy"]}
[debug] [2020-09-23T21:00:30.788Z] <<< HTTP RESPONSE 200 {"content-type":"application/json; charset=UTF-8","vary":"X-Origin, Referer, Origin,Accept-Encoding","date":"Wed, 23 Sep 2020 21:00:31 GMT","server":"ESF","cache-control":"private","x-xss-protection":"0","x-frame-options":"SAMEORIGIN","x-content-type-options":"nosniff","server-timing":"gfet4t7; dur=1127","alt-svc":"h3-Q050=\":443\"; ma=2592000,h3-29=\":443\"; ma=2592000,h3-27=\":443\"; ma=2592000,h3-T051=\":443\"; ma=2592000,h3-T050=\":443\"; ma=2592000,h3-Q046=\":443\"; ma=2592000,h3-Q043=\":443\"; ma=2592000,quic=\":443\"; ma=2592000; v=\"46,43\"","accept-ranges":"none","transfer-encoding":"chunked"}
[debug] [2020-09-23T21:00:30.813Z] [functions] found setIamPolicy permission, proceeding with deploy
[debug] [2020-09-23T21:00:30.816Z] >>> HTTP REQUEST POST https://cloudfunctions.googleapis.com/v1/projects/challenge-4786a/locations/us-central1/functions:generateUploadUrl  
 
[debug] [2020-09-23T21:00:31.851Z] <<< HTTP RESPONSE 200 {"content-type":"application/json; charset=UTF-8","vary":"X-Origin, Referer, Origin,Accept-Encoding","date":"Wed, 23 Sep 2020 21:00:32 GMT","server":"ESF","cache-control":"private","x-xss-protection":"0","x-frame-options":"SAMEORIGIN","x-content-type-options":"nosniff","alt-svc":"h3-Q050=\":443\"; ma=2592000,h3-29=\":443\"; ma=2592000,h3-27=\":443\"; ma=2592000,h3-T051=\":443\"; ma=2592000,h3-T050=\":443\"; ma=2592000,h3-Q046=\":443\"; ma=2592000,h3-Q043=\":443\"; ma=2592000,quic=\":443\"; ma=2592000; v=\"46,43\"","accept-ranges":"none","transfer-encoding":"chunked"}
[debug] [2020-09-23T21:00:31.869Z] >>> HTTP REQUEST PUT https://storage.googleapis.com/gcf-upload-us-central1-4db040c7-dc63-4b6d-87d8-9b86922f1b7a/a8f142c7-b186-4106-aa88-1f0e8ae6003a.zip?GoogleAccessId=service-346164629587@gcf-admin-robot.iam.gserviceaccount.com&Expires=1600896632&Signature=hsFhdvLAlDpLThw19aq3MpwDGsHy6s3i7clxFmtkNDtj0a3W2UtLQn5c7zxa15%2BGnGgY%2FEWu%2FOd1%2FkNfXt8%2F7kbeOxAxhoPhZGHYogBk9jbJJTdwYxwPKn3dX0UKK1q0HzRL%2Bwf9lK5b0b9TL3MkVSAeJMN8G%2BQLEEh670zcHANnjuC2lnjJ%2FFrjcj6P4UcQVgAqy3mWPyMt5Aa3uUCGLgQr23BRL6Z%2FqVvYcJnUHqiOG7PK5Bnqy38GR2qpx8O7bfkd15RP3GR01YUv3ZzROOn5v%2F4m%2BChDuJUPm8o8ACWO03xIQfzgd3logkqX%2BYFTczBivknAHhbyKcPbocYPYQ%3D%3D  
 <request body omitted>
[debug] [2020-09-23T21:00:32.423Z] <<< HTTP RESPONSE 200 {"x-guploader-uploadid":"ABg5-Uy4fJgECMcWPtU5cvGj9DtsOge-WZMrvSsqDkpL1kqWC5cwmw8EHu9RBjvAoL8dR0dQ3-3DGhppvqCdcRJILp0","etag":"\"c9c3f266d1cc480ecf0d6014508f634d\"","x-goog-generation":"1600894833318278","x-goog-metageneration":"1","x-goog-hash":"crc32c=iwB/aw==, md5=ycPyZtHMSA7PDWAUUI9jTQ==","x-goog-stored-content-length":"51620","x-goog-stored-content-encoding":"identity","vary":"Origin","content-length":"0","date":"Wed, 23 Sep 2020 21:00:33 GMT","server":"UploadServer","content-type":"text/html; charset=UTF-8","alt-svc":"h3-Q050=\":443\"; ma=2592000,h3-29=\":443\"; ma=2592000,h3-27=\":443\"; ma=2592000,h3-T051=\":443\"; ma=2592000,h3-T050=\":443\"; ma=2592000,h3-Q046=\":443\"; ma=2592000,h3-Q043=\":443\"; ma=2592000,quic=\":443\"; ma=2592000; v=\"46,43\""}
[info] +  functions: functions folder uploaded successfully 
[info] i  hosting[challenge-4786a]: beginning deploy... 
[info] i  hosting[challenge-4786a]: found 18 files in build 
[debug] [2020-09-23T21:00:32.509Z] [hosting] hash cache [YnVpbGQ] stored for 18 files
[debug] [2020-09-23T21:00:32.510Z] [hosting][hash queue][FINAL] {"max":4,"min":1,"avg":1,"active":0,"complete":18,"success":18,"errored":0,"retried":0,"total":18,"elapsed":6}
[debug] [2020-09-23T21:00:32.511Z] >>> HTTP REQUEST POST https://firebasehosting.googleapis.com/v1beta1/sites/challenge-4786a/versions/b49531cce1ee160c:populateFiles  
 <request body omitted>
[debug] [2020-09-23T21:00:34.117Z] <<< HTTP RESPONSE 200 {"content-type":"application/json; charset=UTF-8","vary":"X-Origin, Referer, Origin,Accept-Encoding","date":"Wed, 23 Sep 2020 21:00:35 GMT","server":"ESF","cache-control":"private","x-xss-protection":"0","x-frame-options":"SAMEORIGIN","x-content-type-options":"nosniff","alt-svc":"h3-Q050=\":443\"; ma=2592000,h3-29=\":443\"; ma=2592000,h3-27=\":443\"; ma=2592000,h3-T051=\":443\"; ma=2592000,h3-T050=\":443\"; ma=2592000,h3-Q046=\":443\"; ma=2592000,h3-Q043=\":443\"; ma=2592000,quic=\":443\"; ma=2592000; v=\"46,43\"","accept-ranges":"none","transfer-encoding":"chunked"}
[debug] [2020-09-23T21:00:34.123Z] [hosting][populate queue][FINAL] {"max":1615,"min":1615,"avg":1615,"active":0,"complete":1,"success":1,"errored":0,"retried":0,"total":1,"elapsed":1615}
[debug] [2020-09-23T21:00:34.125Z] [hosting] uploads queued: 0
[debug] [2020-09-23T21:00:34.126Z] [hosting][upload queue][FINAL] {"max":0,"min":9999999999,"avg":0,"active":0,"complete":0,"success":0,"errored":0,"retried":0,"total":0,"elapsed":1600894834126}
[info] +  hosting[challenge-4786a]: file upload complete 
[debug] [2020-09-23T21:00:34.128Z] [hosting] deploy completed after 1647ms
[info] i  functions: creating Node.js 12 function api(us-central1)... 
[debug] [2020-09-23T21:00:34.282Z] Trigger is:  {"httpsTrigger":{}}
[debug] [2020-09-23T21:00:34.283Z] >>> HTTP REQUEST POST https://cloudfunctions.googleapis.com/v1/projects/challenge-4786a/locations/us-central1/functions  
 {"sourceUploadUrl":"https://storage.googleapis.com/gcf-upload-us-central1-4db040c7-dc63-4b6d-87d8-9b86922f1b7a/a8f142c7-b186-4106-aa88-1f0e8ae6003a.zip?GoogleAccessId=service-346164629587@gcf-admin-robot.iam.gserviceaccount.com&Expires=1600896632&Signature=hsFhdvLAlDpLThw19aq3MpwDGsHy6s3i7clxFmtkNDtj0a3W2UtLQn5c7zxa15%2BGnGgY%2FEWu%2FOd1%2FkNfXt8%2F7kbeOxAxhoPhZGHYogBk9jbJJTdwYxwPKn3dX0UKK1q0HzRL%2Bwf9lK5b0b9TL3MkVSAeJMN8G%2BQLEEh670zcHANnjuC2lnjJ%2FFrjcj6P4UcQVgAqy3mWPyMt5Aa3uUCGLgQr23BRL6Z%2FqVvYcJnUHqiOG7PK5Bnqy38GR2qpx8O7bfkd15RP3GR01YUv3ZzROOn5v%2F4m%2BChDuJUPm8o8ACWO03xIQfzgd3logkqX%2BYFTczBivknAHhbyKcPbocYPYQ%3D%3D","name":"projects/challenge-4786a/locations/us-central1/functions/api","entryPoint":"api","labels":{"deployment-tool":"cli-firebase"},"runtime":"nodejs12","environmentVariables":{"FIREBASE_CONFIG":"{\"projectId\":\"challenge-4786a\",\"databaseURL\":\"https://challenge-4786a.firebaseio.com\",\"storageBucket\":\"challenge-4786a.appspot.com\",\"locationId\":\"asia-south1\"}"},"httpsTrigger":{}}
[debug] [2020-09-23T21:00:35.387Z] <<< HTTP RESPONSE 200 {"content-type":"application/json; charset=UTF-8","vary":"X-Origin, Referer, Origin,Accept-Encoding","date":"Wed, 23 Sep 2020 21:00:36 GMT","server":"ESF","cache-control":"private","x-xss-protection":"0","x-frame-options":"SAMEORIGIN","x-content-type-options":"nosniff","alt-svc":"h3-Q050=\":443\"; ma=2592000,h3-29=\":443\"; ma=2592000,h3-27=\":443\"; ma=2592000,h3-T051=\":443\"; ma=2592000,h3-T050=\":443\"; ma=2592000,h3-Q046=\":443\"; ma=2592000,h3-Q043=\":443\"; ma=2592000,quic=\":443\"; ma=2592000; v=\"46,43\"","accept-ranges":"none","transfer-encoding":"chunked"}
[debug] [2020-09-23T21:00:35.406Z] Setting public policy for function api
[debug] [2020-09-23T21:00:35.424Z] >>> HTTP REQUEST POST https://cloudfunctions.googleapis.com/v1/projects/challenge-4786a/locations/us-central1/functions/api:setIamPolicy  
 {"policy":{"version":3,"bindings":[{"role":"roles/cloudfunctions.invoker","members":["allUsers"]}]},"updateMask":"version,bindings"}
[debug] [2020-09-23T21:00:36.231Z] <<< HTTP RESPONSE 200 {"content-type":"application/json; charset=UTF-8","vary":"X-Origin, Referer, Origin,Accept-Encoding","date":"Wed, 23 Sep 2020 21:00:37 GMT","server":"ESF","cache-control":"private","x-xss-protection":"0","x-frame-options":"SAMEORIGIN","x-content-type-options":"nosniff","alt-svc":"h3-Q050=\":443\"; ma=2592000,h3-29=\":443\"; ma=2592000,h3-27=\":443\"; ma=2592000,h3-T051=\":443\"; ma=2592000,h3-T050=\":443\"; ma=2592000,h3-Q046=\":443\"; ma=2592000,h3-Q043=\":443\"; ma=2592000,quic=\":443\"; ma=2592000; v=\"46,43\"","accept-ranges":"none","transfer-encoding":"chunked"}
[debug] [2020-09-23T21:00:36.270Z] >>> HTTP REQUEST GET https://cloudfunctions.googleapis.com/v1/projects/challenge-4786a/locations/-/functions  
 
[debug] [2020-09-23T21:00:37.079Z] <<< HTTP RESPONSE 200 {"content-type":"application/json; charset=UTF-8","vary":"X-Origin, Referer, Origin,Accept-Encoding","date":"Wed, 23 Sep 2020 21:00:38 GMT","server":"ESF","cache-control":"private","x-xss-protection":"0","x-frame-options":"SAMEORIGIN","x-content-type-options":"nosniff","alt-svc":"h3-Q050=\":443\"; ma=2592000,h3-29=\":443\"; ma=2592000,h3-27=\":443\"; ma=2592000,h3-T051=\":443\"; ma=2592000,h3-T050=\":443\"; ma=2592000,h3-Q046=\":443\"; ma=2592000,h3-Q043=\":443\"; ma=2592000,quic=\":443\"; ma=2592000; v=\"46,43\"","accept-ranges":"none","transfer-encoding":"chunked"}
[debug] [2020-09-23T21:00:37.100Z] >>> HTTP REQUEST GET https://cloudfunctions.googleapis.com/v1/operations/Y2hhbGxlbmdlLTQ3ODZhL3VzLWNlbnRyYWwxL2FwaS9scnVRMnNqenNwUQ  
 
[debug] [2020-09-23T21:00:37.623Z] <<< HTTP RESPONSE 200 {"content-type":"application/json; charset=UTF-8","vary":"X-Origin, Referer, Origin,Accept-Encoding","date":"Wed, 23 Sep 2020 21:00:38 GMT","server":"ESF","cache-control":"private","x-xss-protection":"0","x-frame-options":"SAMEORIGIN","x-content-type-options":"nosniff","alt-svc":"h3-Q050=\":443\"; ma=2592000,h3-29=\":443\"; ma=2592000,h3-27=\":443\"; ma=2592000,h3-T051=\":443\"; ma=2592000,h3-T050=\":443\"; ma=2592000,h3-Q046=\":443\"; ma=2592000,h3-Q043=\":443\"; ma=2592000,quic=\":443\"; ma=2592000; v=\"46,43\"","accept-ranges":"none","transfer-encoding":"chunked"}
[debug] [2020-09-23T21:00:39.640Z] >>> HTTP REQUEST GET https://cloudfunctions.googleapis.com/v1/operations/Y2hhbGxlbmdlLTQ3ODZhL3VzLWNlbnRyYWwxL2FwaS9scnVRMnNqenNwUQ  
 
[debug] [2020-09-23T21:00:40.052Z] <<< HTTP RESPONSE 200 {"content-type":"application/json; charset=UTF-8","vary":"X-Origin, Referer, Origin,Accept-Encoding","date":"Wed, 23 Sep 2020 21:00:41 GMT","server":"ESF","cache-control":"private","x-xss-protection":"0","x-frame-options":"SAMEORIGIN","x-content-type-options":"nosniff","alt-svc":"h3-Q050=\":443\"; ma=2592000,h3-29=\":443\"; ma=2592000,h3-27=\":443\"; ma=2592000,h3-T051=\":443\"; ma=2592000,h3-T050=\":443\"; ma=2592000,h3-Q046=\":443\"; ma=2592000,h3-Q043=\":443\"; ma=2592000,quic=\":443\"; ma=2592000; v=\"46,43\"","accept-ranges":"none","transfer-encoding":"chunked"}
[debug] [2020-09-23T21:00:42.065Z] >>> HTTP REQUEST GET https://cloudfunctions.googleapis.com/v1/operations/Y2hhbGxlbmdlLTQ3ODZhL3VzLWNlbnRyYWwxL2FwaS9scnVRMnNqenNwUQ  
 
[debug] [2020-09-23T21:00:42.565Z] <<< HTTP RESPONSE 200 {"content-type":"application/json; charset=UTF-8","vary":"X-Origin, Referer, Origin,Accept-Encoding","date":"Wed, 23 Sep 2020 21:00:43 GMT","server":"ESF","cache-control":"private","x-xss-protection":"0","x-frame-options":"SAMEORIGIN","x-content-type-options":"nosniff","alt-svc":"h3-Q050=\":443\"; ma=2592000,h3-29=\":443\"; ma=2592000,h3-27=\":443\"; ma=2592000,h3-T051=\":443\"; ma=2592000,h3-T050=\":443\"; ma=2592000,h3-Q046=\":443\"; ma=2592000,h3-Q043=\":443\"; ma=2592000,quic=\":443\"; ma=2592000; v=\"46,43\"","accept-ranges":"none","transfer-encoding":"chunked"}
[debug] [2020-09-23T21:00:44.577Z] >>> HTTP REQUEST GET https://cloudfunctions.googleapis.com/v1/operations/Y2hhbGxlbmdlLTQ3ODZhL3VzLWNlbnRyYWwxL2FwaS9scnVRMnNqenNwUQ  
 
[debug] [2020-09-23T21:00:45.096Z] <<< HTTP RESPONSE 200 {"content-type":"application/json; charset=UTF-8","vary":"X-Origin, Referer, Origin,Accept-Encoding","date":"Wed, 23 Sep 2020 21:00:46 GMT","server":"ESF","cache-control":"private","x-xss-protection":"0","x-frame-options":"SAMEORIGIN","x-content-type-options":"nosniff","alt-svc":"h3-Q050=\":443\"; ma=2592000,h3-29=\":443\"; ma=2592000,h3-27=\":443\"; ma=2592000,h3-T051=\":443\"; ma=2592000,h3-T050=\":443\"; ma=2592000,h3-Q046=\":443\"; ma=2592000,h3-Q043=\":443\"; ma=2592000,quic=\":443\"; ma=2592000; v=\"46,43\"","accept-ranges":"none","transfer-encoding":"chunked"}
[debug] [2020-09-23T21:00:47.127Z] >>> HTTP REQUEST GET https://cloudfunctions.googleapis.com/v1/operations/Y2hhbGxlbmdlLTQ3ODZhL3VzLWNlbnRyYWwxL2FwaS9scnVRMnNqenNwUQ  
 
[debug] [2020-09-23T21:00:47.579Z] <<< HTTP RESPONSE 200 {"content-type":"application/json; charset=UTF-8","vary":"X-Origin, Referer, Origin,Accept-Encoding","date":"Wed, 23 Sep 2020 21:00:48 GMT","server":"ESF","cache-control":"private","x-xss-protection":"0","x-frame-options":"SAMEORIGIN","x-content-type-options":"nosniff","alt-svc":"h3-Q050=\":443\"; ma=2592000,h3-29=\":443\"; ma=2592000,h3-27=\":443\"; ma=2592000,h3-T051=\":443\"; ma=2592000,h3-T050=\":443\"; ma=2592000,h3-Q046=\":443\"; ma=2592000,h3-Q043=\":443\"; ma=2592000,quic=\":443\"; ma=2592000; v=\"46,43\"","accept-ranges":"none","transfer-encoding":"chunked"}
[debug] [2020-09-23T21:00:49.597Z] >>> HTTP REQUEST GET https://cloudfunctions.googleapis.com/v1/operations/Y2hhbGxlbmdlLTQ3ODZhL3VzLWNlbnRyYWwxL2FwaS9scnVRMnNqenNwUQ  
 
[debug] [2020-09-23T21:00:50.049Z] <<< HTTP RESPONSE 200 {"content-type":"application/json; charset=UTF-8","vary":"X-Origin, Referer, Origin,Accept-Encoding","date":"Wed, 23 Sep 2020 21:00:51 GMT","server":"ESF","cache-control":"private","x-xss-protection":"0","x-frame-options":"SAMEORIGIN","x-content-type-options":"nosniff","alt-svc":"h3-Q050=\":443\"; ma=2592000,h3-29=\":443\"; ma=2592000,h3-27=\":443\"; ma=2592000,h3-T051=\":443\"; ma=2592000,h3-T050=\":443\"; ma=2592000,h3-Q046=\":443\"; ma=2592000,h3-Q043=\":443\"; ma=2592000,quic=\":443\"; ma=2592000; v=\"46,43\"","accept-ranges":"none","transfer-encoding":"chunked"}
[debug] [2020-09-23T21:00:52.080Z] >>> HTTP REQUEST GET https://cloudfunctions.googleapis.com/v1/operations/Y2hhbGxlbmdlLTQ3ODZhL3VzLWNlbnRyYWwxL2FwaS9scnVRMnNqenNwUQ  
 
[debug] [2020-09-23T21:00:52.656Z] <<< HTTP RESPONSE 200 {"content-type":"application/json; charset=UTF-8","vary":"X-Origin, Referer, Origin,Accept-Encoding","date":"Wed, 23 Sep 2020 21:00:53 GMT","server":"ESF","cache-control":"private","x-xss-protection":"0","x-frame-options":"SAMEORIGIN","x-content-type-options":"nosniff","alt-svc":"h3-Q050=\":443\"; ma=2592000,h3-29=\":443\"; ma=2592000,h3-27=\":443\"; ma=2592000,h3-T051=\":443\"; ma=2592000,h3-T050=\":443\"; ma=2592000,h3-Q046=\":443\"; ma=2592000,h3-Q043=\":443\"; ma=2592000,quic=\":443\"; ma=2592000; v=\"46,43\"","accept-ranges":"none","transfer-encoding":"chunked"}
[debug] [2020-09-23T21:00:54.676Z] >>> HTTP REQUEST GET https://cloudfunctions.googleapis.com/v1/operations/Y2hhbGxlbmdlLTQ3ODZhL3VzLWNlbnRyYWwxL2FwaS9scnVRMnNqenNwUQ  
 
[debug] [2020-09-23T21:00:55.113Z] <<< HTTP RESPONSE 200 {"content-type":"application/json; charset=UTF-8","vary":"X-Origin, Referer, Origin,Accept-Encoding","date":"Wed, 23 Sep 2020 21:00:56 GMT","server":"ESF","cache-control":"private","x-xss-protection":"0","x-frame-options":"SAMEORIGIN","x-content-type-options":"nosniff","alt-svc":"h3-Q050=\":443\"; ma=2592000,h3-29=\":443\"; ma=2592000,h3-27=\":443\"; ma=2592000,h3-T051=\":443\"; ma=2592000,h3-T050=\":443\"; ma=2592000,h3-Q046=\":443\"; ma=2592000,h3-Q043=\":443\"; ma=2592000,quic=\":443\"; ma=2592000; v=\"46,43\"","accept-ranges":"none","transfer-encoding":"chunked"}
[debug] [2020-09-23T21:00:57.144Z] >>> HTTP REQUEST GET https://cloudfunctions.googleapis.com/v1/operations/Y2hhbGxlbmdlLTQ3ODZhL3VzLWNlbnRyYWwxL2FwaS9scnVRMnNqenNwUQ  
 
[debug] [2020-09-23T21:00:57.696Z] <<< HTTP RESPONSE 200 {"content-type":"application/json; charset=UTF-8","vary":"X-Origin, Referer, Origin,Accept-Encoding","date":"Wed, 23 Sep 2020 21:00:58 GMT","server":"ESF","cache-control":"private","x-xss-protection":"0","x-frame-options":"SAMEORIGIN","x-content-type-options":"nosniff","alt-svc":"h3-Q050=\":443\"; ma=2592000,h3-29=\":443\"; ma=2592000,h3-27=\":443\"; ma=2592000,h3-T051=\":443\"; ma=2592000,h3-T050=\":443\"; ma=2592000,h3-Q046=\":443\"; ma=2592000,h3-Q043=\":443\"; ma=2592000,quic=\":443\"; ma=2592000; v=\"46,43\"","accept-ranges":"none","transfer-encoding":"chunked"}
[debug] [2020-09-23T21:00:59.720Z] >>> HTTP REQUEST GET https://cloudfunctions.googleapis.com/v1/operations/Y2hhbGxlbmdlLTQ3ODZhL3VzLWNlbnRyYWwxL2FwaS9scnVRMnNqenNwUQ  
 
[debug] [2020-09-23T21:01:00.151Z] <<< HTTP RESPONSE 200 {"content-type":"application/json; charset=UTF-8","vary":"X-Origin, Referer, Origin,Accept-Encoding","date":"Wed, 23 Sep 2020 21:01:01 GMT","server":"ESF","cache-control":"private","x-xss-protection":"0","x-frame-options":"SAMEORIGIN","x-content-type-options":"nosniff","alt-svc":"h3-Q050=\":443\"; ma=2592000,h3-29=\":443\"; ma=2592000,h3-27=\":443\"; ma=2592000,h3-T051=\":443\"; ma=2592000,h3-T050=\":443\"; ma=2592000,h3-Q046=\":443\"; ma=2592000,h3-Q043=\":443\"; ma=2592000,quic=\":443\"; ma=2592000; v=\"46,43\"","accept-ranges":"none","transfer-encoding":"chunked"}
[debug] [2020-09-23T21:01:02.174Z] >>> HTTP REQUEST GET https://cloudfunctions.googleapis.com/v1/operations/Y2hhbGxlbmdlLTQ3ODZhL3VzLWNlbnRyYWwxL2FwaS9scnVRMnNqenNwUQ  
 
[debug] [2020-09-23T21:01:02.693Z] <<< HTTP RESPONSE 200 {"content-type":"application/json; charset=UTF-8","vary":"X-Origin, Referer, Origin,Accept-Encoding","date":"Wed, 23 Sep 2020 21:01:03 GMT","server":"ESF","cache-control":"private","x-xss-protection":"0","x-frame-options":"SAMEORIGIN","x-content-type-options":"nosniff","alt-svc":"h3-Q050=\":443\"; ma=2592000,h3-29=\":443\"; ma=2592000,h3-27=\":443\"; ma=2592000,h3-T051=\":443\"; ma=2592000,h3-T050=\":443\"; ma=2592000,h3-Q046=\":443\"; ma=2592000,h3-Q043=\":443\"; ma=2592000,quic=\":443\"; ma=2592000; v=\"46,43\"","accept-ranges":"none","transfer-encoding":"chunked"}
[debug] [2020-09-23T21:01:04.711Z] >>> HTTP REQUEST GET https://cloudfunctions.googleapis.com/v1/operations/Y2hhbGxlbmdlLTQ3ODZhL3VzLWNlbnRyYWwxL2FwaS9scnVRMnNqenNwUQ  
 
[debug] [2020-09-23T21:01:05.138Z] <<< HTTP RESPONSE 200 {"content-type":"application/json; charset=UTF-8","vary":"X-Origin, Referer, Origin,Accept-Encoding","date":"Wed, 23 Sep 2020 21:01:06 GMT","server":"ESF","cache-control":"private","x-xss-protection":"0","x-frame-options":"SAMEORIGIN","x-content-type-options":"nosniff","alt-svc":"h3-Q050=\":443\"; ma=2592000,h3-29=\":443\"; ma=2592000,h3-27=\":443\"; ma=2592000,h3-T051=\":443\"; ma=2592000,h3-T050=\":443\"; ma=2592000,h3-Q046=\":443\"; ma=2592000,h3-Q043=\":443\"; ma=2592000,quic=\":443\"; ma=2592000; v=\"46,43\"","accept-ranges":"none","transfer-encoding":"chunked"}
[debug] [2020-09-23T21:01:07.162Z] >>> HTTP REQUEST GET https://cloudfunctions.googleapis.com/v1/operations/Y2hhbGxlbmdlLTQ3ODZhL3VzLWNlbnRyYWwxL2FwaS9scnVRMnNqenNwUQ  
 
[debug] [2020-09-23T21:01:07.607Z] <<< HTTP RESPONSE 200 {"content-type":"application/json; charset=UTF-8","vary":"X-Origin, Referer, Origin,Accept-Encoding","date":"Wed, 23 Sep 2020 21:01:08 GMT","server":"ESF","cache-control":"private","x-xss-protection":"0","x-frame-options":"SAMEORIGIN","x-content-type-options":"nosniff","alt-svc":"h3-Q050=\":443\"; ma=2592000,h3-29=\":443\"; ma=2592000,h3-27=\":443\"; ma=2592000,h3-T051=\":443\"; ma=2592000,h3-T050=\":443\"; ma=2592000,h3-Q046=\":443\"; ma=2592000,h3-Q043=\":443\"; ma=2592000,quic=\":443\"; ma=2592000; v=\"46,43\"","accept-ranges":"none","transfer-encoding":"chunked"}
[debug] [2020-09-23T21:01:09.626Z] >>> HTTP REQUEST GET https://cloudfunctions.googleapis.com/v1/operations/Y2hhbGxlbmdlLTQ3ODZhL3VzLWNlbnRyYWwxL2FwaS9scnVRMnNqenNwUQ  
 
[debug] [2020-09-23T21:01:10.041Z] <<< HTTP RESPONSE 200 {"content-type":"application/json; charset=UTF-8","vary":"X-Origin, Referer, Origin,Accept-Encoding","date":"Wed, 23 Sep 2020 21:01:11 GMT","server":"ESF","cache-control":"private","x-xss-protection":"0","x-frame-options":"SAMEORIGIN","x-content-type-options":"nosniff","alt-svc":"h3-Q050=\":443\"; ma=2592000,h3-29=\":443\"; ma=2592000,h3-27=\":443\"; ma=2592000,h3-T051=\":443\"; ma=2592000,h3-T050=\":443\"; ma=2592000,h3-Q046=\":443\"; ma=2592000,h3-Q043=\":443\"; ma=2592000,quic=\":443\"; ma=2592000; v=\"46,43\"","accept-ranges":"none","transfer-encoding":"chunked"}
[debug] [2020-09-23T21:01:12.072Z] >>> HTTP REQUEST GET https://cloudfunctions.googleapis.com/v1/operations/Y2hhbGxlbmdlLTQ3ODZhL3VzLWNlbnRyYWwxL2FwaS9scnVRMnNqenNwUQ  
 
[debug] [2020-09-23T21:01:12.484Z] <<< HTTP RESPONSE 200 {"content-type":"application/json; charset=UTF-8","vary":"X-Origin, Referer, Origin,Accept-Encoding","date":"Wed, 23 Sep 2020 21:01:13 GMT","server":"ESF","cache-control":"private","x-xss-protection":"0","x-frame-options":"SAMEORIGIN","x-content-type-options":"nosniff","alt-svc":"h3-Q050=\":443\"; ma=2592000,h3-29=\":443\"; ma=2592000,h3-27=\":443\"; ma=2592000,h3-T051=\":443\"; ma=2592000,h3-T050=\":443\"; ma=2592000,h3-Q046=\":443\"; ma=2592000,h3-Q043=\":443\"; ma=2592000,quic=\":443\"; ma=2592000; v=\"46,43\"","accept-ranges":"none","transfer-encoding":"chunked"}
[debug] [2020-09-23T21:01:14.497Z] >>> HTTP REQUEST GET https://cloudfunctions.googleapis.com/v1/operations/Y2hhbGxlbmdlLTQ3ODZhL3VzLWNlbnRyYWwxL2FwaS9scnVRMnNqenNwUQ  
 
[debug] [2020-09-23T21:01:14.903Z] <<< HTTP RESPONSE 200 {"content-type":"application/json; charset=UTF-8","vary":"X-Origin, Referer, Origin,Accept-Encoding","date":"Wed, 23 Sep 2020 21:01:15 GMT","server":"ESF","cache-control":"private","x-xss-protection":"0","x-frame-options":"SAMEORIGIN","x-content-type-options":"nosniff","alt-svc":"h3-Q050=\":443\"; ma=2592000,h3-29=\":443\"; ma=2592000,h3-27=\":443\"; ma=2592000,h3-T051=\":443\"; ma=2592000,h3-T050=\":443\"; ma=2592000,h3-Q046=\":443\"; ma=2592000,h3-Q043=\":443\"; ma=2592000,quic=\":443\"; ma=2592000; v=\"46,43\"","accept-ranges":"none","transfer-encoding":"chunked"}
[debug] [2020-09-23T21:01:16.921Z] >>> HTTP REQUEST GET https://cloudfunctions.googleapis.com/v1/operations/Y2hhbGxlbmdlLTQ3ODZhL3VzLWNlbnRyYWwxL2FwaS9scnVRMnNqenNwUQ  
 
[debug] [2020-09-23T21:01:17.391Z] <<< HTTP RESPONSE 200 {"content-type":"application/json; charset=UTF-8","vary":"X-Origin, Referer, Origin,Accept-Encoding","date":"Wed, 23 Sep 2020 21:01:18 GMT","server":"ESF","cache-control":"private","x-xss-protection":"0","x-frame-options":"SAMEORIGIN","x-content-type-options":"nosniff","alt-svc":"h3-Q050=\":443\"; ma=2592000,h3-29=\":443\"; ma=2592000,h3-27=\":443\"; ma=2592000,h3-T051=\":443\"; ma=2592000,h3-T050=\":443\"; ma=2592000,h3-Q046=\":443\"; ma=2592000,h3-Q043=\":443\"; ma=2592000,quic=\":443\"; ma=2592000; v=\"46,43\"","accept-ranges":"none","transfer-encoding":"chunked"}
[debug] [2020-09-23T21:01:19.415Z] >>> HTTP REQUEST GET https://cloudfunctions.googleapis.com/v1/operations/Y2hhbGxlbmdlLTQ3ODZhL3VzLWNlbnRyYWwxL2FwaS9scnVRMnNqenNwUQ  
 
[debug] [2020-09-23T21:01:19.866Z] <<< HTTP RESPONSE 200 {"content-type":"application/json; charset=UTF-8","vary":"X-Origin, Referer, Origin,Accept-Encoding","date":"Wed, 23 Sep 2020 21:01:20 GMT","server":"ESF","cache-control":"private","x-xss-protection":"0","x-frame-options":"SAMEORIGIN","x-content-type-options":"nosniff","alt-svc":"h3-Q050=\":443\"; ma=2592000,h3-29=\":443\"; ma=2592000,h3-27=\":443\"; ma=2592000,h3-T051=\":443\"; ma=2592000,h3-T050=\":443\"; ma=2592000,h3-Q046=\":443\"; ma=2592000,h3-Q043=\":443\"; ma=2592000,quic=\":443\"; ma=2592000; v=\"46,43\"","accept-ranges":"none","transfer-encoding":"chunked"}
[debug] [2020-09-23T21:01:21.889Z] >>> HTTP REQUEST GET https://cloudfunctions.googleapis.com/v1/operations/Y2hhbGxlbmdlLTQ3ODZhL3VzLWNlbnRyYWwxL2FwaS9scnVRMnNqenNwUQ  
 
[debug] [2020-09-23T21:01:22.293Z] <<< HTTP RESPONSE 200 {"content-type":"application/json; charset=UTF-8","vary":"X-Origin, Referer, Origin,Accept-Encoding","date":"Wed, 23 Sep 2020 21:01:23 GMT","server":"ESF","cache-control":"private","x-xss-protection":"0","x-frame-options":"SAMEORIGIN","x-content-type-options":"nosniff","alt-svc":"h3-Q050=\":443\"; ma=2592000,h3-29=\":443\"; ma=2592000,h3-27=\":443\"; ma=2592000,h3-T051=\":443\"; ma=2592000,h3-T050=\":443\"; ma=2592000,h3-Q046=\":443\"; ma=2592000,h3-Q043=\":443\"; ma=2592000,quic=\":443\"; ma=2592000; v=\"46,43\"","accept-ranges":"none","transfer-encoding":"chunked"}
[debug] [2020-09-23T21:01:24.312Z] >>> HTTP REQUEST GET https://cloudfunctions.googleapis.com/v1/operations/Y2hhbGxlbmdlLTQ3ODZhL3VzLWNlbnRyYWwxL2FwaS9scnVRMnNqenNwUQ  
 
[debug] [2020-09-23T21:01:24.823Z] <<< HTTP RESPONSE 200 {"content-type":"application/json; charset=UTF-8","vary":"X-Origin, Referer, Origin,Accept-Encoding","date":"Wed, 23 Sep 2020 21:01:25 GMT","server":"ESF","cache-control":"private","x-xss-protection":"0","x-frame-options":"SAMEORIGIN","x-content-type-options":"nosniff","alt-svc":"h3-Q050=\":443\"; ma=2592000,h3-29=\":443\"; ma=2592000,h3-27=\":443\"; ma=2592000,h3-T051=\":443\"; ma=2592000,h3-T050=\":443\"; ma=2592000,h3-Q046=\":443\"; ma=2592000,h3-Q043=\":443\"; ma=2592000,quic=\":443\"; ma=2592000; v=\"46,43\"","accept-ranges":"none","transfer-encoding":"chunked"}
[debug] [2020-09-23T21:01:26.837Z] >>> HTTP REQUEST GET https://cloudfunctions.googleapis.com/v1/operations/Y2hhbGxlbmdlLTQ3ODZhL3VzLWNlbnRyYWwxL2FwaS9scnVRMnNqenNwUQ  
 
[debug] [2020-09-23T21:01:27.231Z] <<< HTTP RESPONSE 200 {"content-type":"application/json; charset=UTF-8","vary":"X-Origin, Referer, Origin,Accept-Encoding","date":"Wed, 23 Sep 2020 21:01:28 GMT","server":"ESF","cache-control":"private","x-xss-protection":"0","x-frame-options":"SAMEORIGIN","x-content-type-options":"nosniff","alt-svc":"h3-Q050=\":443\"; ma=2592000,h3-29=\":443\"; ma=2592000,h3-27=\":443\"; ma=2592000,h3-T051=\":443\"; ma=2592000,h3-T050=\":443\"; ma=2592000,h3-Q046=\":443\"; ma=2592000,h3-Q043=\":443\"; ma=2592000,quic=\":443\"; ma=2592000; v=\"46,43\"","accept-ranges":"none","transfer-encoding":"chunked"}
[debug] [2020-09-23T21:01:29.251Z] >>> HTTP REQUEST GET https://cloudfunctions.googleapis.com/v1/operations/Y2hhbGxlbmdlLTQ3ODZhL3VzLWNlbnRyYWwxL2FwaS9scnVRMnNqenNwUQ  
 
[debug] [2020-09-23T21:01:29.659Z] <<< HTTP RESPONSE 200 {"content-type":"application/json; charset=UTF-8","vary":"X-Origin, Referer, Origin,Accept-Encoding","date":"Wed, 23 Sep 2020 21:01:30 GMT","server":"ESF","cache-control":"private","x-xss-protection":"0","x-frame-options":"SAMEORIGIN","x-content-type-options":"nosniff","alt-svc":"h3-Q050=\":443\"; ma=2592000,h3-29=\":443\"; ma=2592000,h3-27=\":443\"; ma=2592000,h3-T051=\":443\"; ma=2592000,h3-T050=\":443\"; ma=2592000,h3-Q046=\":443\"; ma=2592000,h3-Q043=\":443\"; ma=2592000,quic=\":443\"; ma=2592000; v=\"46,43\"","accept-ranges":"none","transfer-encoding":"chunked"}
[debug] [2020-09-23T21:01:31.673Z] >>> HTTP REQUEST GET https://cloudfunctions.googleapis.com/v1/operations/Y2hhbGxlbmdlLTQ3ODZhL3VzLWNlbnRyYWwxL2FwaS9scnVRMnNqenNwUQ  
 
[debug] [2020-09-23T21:01:32.199Z] <<< HTTP RESPONSE 200 {"content-type":"application/json; charset=UTF-8","vary":"X-Origin, Referer, Origin,Accept-Encoding","date":"Wed, 23 Sep 2020 21:01:33 GMT","server":"ESF","cache-control":"private","x-xss-protection":"0","x-frame-options":"SAMEORIGIN","x-content-type-options":"nosniff","alt-svc":"h3-Q050=\":443\"; ma=2592000,h3-29=\":443\"; ma=2592000,h3-27=\":443\"; ma=2592000,h3-T051=\":443\"; ma=2592000,h3-T050=\":443\"; ma=2592000,h3-Q046=\":443\"; ma=2592000,h3-Q043=\":443\"; ma=2592000,quic=\":443\"; ma=2592000; v=\"46,43\"","accept-ranges":"none","transfer-encoding":"chunked"}
[debug] [2020-09-23T21:01:34.208Z] >>> HTTP REQUEST GET https://cloudfunctions.googleapis.com/v1/operations/Y2hhbGxlbmdlLTQ3ODZhL3VzLWNlbnRyYWwxL2FwaS9scnVRMnNqenNwUQ  
 
[debug] [2020-09-23T21:01:34.686Z] <<< HTTP RESPONSE 200 {"content-type":"application/json; charset=UTF-8","vary":"X-Origin, Referer, Origin,Accept-Encoding","date":"Wed, 23 Sep 2020 21:01:35 GMT","server":"ESF","cache-control":"private","x-xss-protection":"0","x-frame-options":"SAMEORIGIN","x-content-type-options":"nosniff","alt-svc":"h3-Q050=\":443\"; ma=2592000,h3-29=\":443\"; ma=2592000,h3-27=\":443\"; ma=2592000,h3-T051=\":443\"; ma=2592000,h3-T050=\":443\"; ma=2592000,h3-Q046=\":443\"; ma=2592000,h3-Q043=\":443\"; ma=2592000,quic=\":443\"; ma=2592000; v=\"46,43\"","accept-ranges":"none","transfer-encoding":"chunked"}
[debug] [2020-09-23T21:01:36.702Z] >>> HTTP REQUEST GET https://cloudfunctions.googleapis.com/v1/operations/Y2hhbGxlbmdlLTQ3ODZhL3VzLWNlbnRyYWwxL2FwaS9scnVRMnNqenNwUQ  
 
[debug] [2020-09-23T21:01:37.124Z] <<< HTTP RESPONSE 200 {"content-type":"application/json; charset=UTF-8","vary":"X-Origin, Referer, Origin,Accept-Encoding","date":"Wed, 23 Sep 2020 21:01:38 GMT","server":"ESF","cache-control":"private","x-xss-protection":"0","x-frame-options":"SAMEORIGIN","x-content-type-options":"nosniff","alt-svc":"h3-Q050=\":443\"; ma=2592000,h3-29=\":443\"; ma=2592000,h3-27=\":443\"; ma=2592000,h3-T051=\":443\"; ma=2592000,h3-T050=\":443\"; ma=2592000,h3-Q046=\":443\"; ma=2592000,h3-Q043=\":443\"; ma=2592000,quic=\":443\"; ma=2592000; v=\"46,43\"","accept-ranges":"none","transfer-encoding":"chunked"}
[debug] [2020-09-23T21:01:39.142Z] >>> HTTP REQUEST GET https://cloudfunctions.googleapis.com/v1/operations/Y2hhbGxlbmdlLTQ3ODZhL3VzLWNlbnRyYWwxL2FwaS9scnVRMnNqenNwUQ  
 
[debug] [2020-09-23T21:01:39.558Z] <<< HTTP RESPONSE 200 {"content-type":"application/json; charset=UTF-8","vary":"X-Origin, Referer, Origin,Accept-Encoding","date":"Wed, 23 Sep 2020 21:01:40 GMT","server":"ESF","cache-control":"private","x-xss-protection":"0","x-frame-options":"SAMEORIGIN","x-content-type-options":"nosniff","alt-svc":"h3-Q050=\":443\"; ma=2592000,h3-29=\":443\"; ma=2592000,h3-27=\":443\"; ma=2592000,h3-T051=\":443\"; ma=2592000,h3-T050=\":443\"; ma=2592000,h3-Q046=\":443\"; ma=2592000,h3-Q043=\":443\"; ma=2592000,quic=\":443\"; ma=2592000; v=\"46,43\"","accept-ranges":"none","transfer-encoding":"chunked"}
[debug] [2020-09-23T21:01:41.572Z] >>> HTTP REQUEST GET https://cloudfunctions.googleapis.com/v1/operations/Y2hhbGxlbmdlLTQ3ODZhL3VzLWNlbnRyYWwxL2FwaS9scnVRMnNqenNwUQ  
 
[debug] [2020-09-23T21:01:42.005Z] <<< HTTP RESPONSE 200 {"content-type":"application/json; charset=UTF-8","vary":"X-Origin, Referer, Origin,Accept-Encoding","date":"Wed, 23 Sep 2020 21:01:42 GMT","server":"ESF","cache-control":"private","x-xss-protection":"0","x-frame-options":"SAMEORIGIN","x-content-type-options":"nosniff","alt-svc":"h3-Q050=\":443\"; ma=2592000,h3-29=\":443\"; ma=2592000,h3-27=\":443\"; ma=2592000,h3-T051=\":443\"; ma=2592000,h3-T050=\":443\"; ma=2592000,h3-Q046=\":443\"; ma=2592000,h3-Q043=\":443\"; ma=2592000,quic=\":443\"; ma=2592000; v=\"46,43\"","accept-ranges":"none","transfer-encoding":"chunked"}
[debug] [2020-09-23T21:01:44.023Z] >>> HTTP REQUEST GET https://cloudfunctions.googleapis.com/v1/operations/Y2hhbGxlbmdlLTQ3ODZhL3VzLWNlbnRyYWwxL2FwaS9scnVRMnNqenNwUQ  
 
[debug] [2020-09-23T21:01:44.502Z] <<< HTTP RESPONSE 200 {"content-type":"application/json; charset=UTF-8","vary":"X-Origin, Referer, Origin,Accept-Encoding","date":"Wed, 23 Sep 2020 21:01:45 GMT","server":"ESF","cache-control":"private","x-xss-protection":"0","x-frame-options":"SAMEORIGIN","x-content-type-options":"nosniff","alt-svc":"h3-Q050=\":443\"; ma=2592000,h3-29=\":443\"; ma=2592000,h3-27=\":443\"; ma=2592000,h3-T051=\":443\"; ma=2592000,h3-T050=\":443\"; ma=2592000,h3-Q046=\":443\"; ma=2592000,h3-Q043=\":443\"; ma=2592000,quic=\":443\"; ma=2592000; v=\"46,43\"","accept-ranges":"none","transfer-encoding":"chunked"}
[debug] [2020-09-23T21:01:46.521Z] >>> HTTP REQUEST GET https://cloudfunctions.googleapis.com/v1/operations/Y2hhbGxlbmdlLTQ3ODZhL3VzLWNlbnRyYWwxL2FwaS9scnVRMnNqenNwUQ  
 
[debug] [2020-09-23T21:01:46.964Z] <<< HTTP RESPONSE 200 {"content-type":"application/json; charset=UTF-8","vary":"X-Origin, Referer, Origin,Accept-Encoding","date":"Wed, 23 Sep 2020 21:01:47 GMT","server":"ESF","cache-control":"private","x-xss-protection":"0","x-frame-options":"SAMEORIGIN","x-content-type-options":"nosniff","alt-svc":"h3-Q050=\":443\"; ma=2592000,h3-29=\":443\"; ma=2592000,h3-27=\":443\"; ma=2592000,h3-T051=\":443\"; ma=2592000,h3-T050=\":443\"; ma=2592000,h3-Q046=\":443\"; ma=2592000,h3-Q043=\":443\"; ma=2592000,quic=\":443\"; ma=2592000; v=\"46,43\"","accept-ranges":"none","transfer-encoding":"chunked"}
[debug] [2020-09-23T21:01:48.987Z] >>> HTTP REQUEST GET https://cloudfunctions.googleapis.com/v1/operations/Y2hhbGxlbmdlLTQ3ODZhL3VzLWNlbnRyYWwxL2FwaS9scnVRMnNqenNwUQ  
 
[debug] [2020-09-23T21:01:49.493Z] <<< HTTP RESPONSE 200 {"content-type":"application/json; charset=UTF-8","vary":"X-Origin, Referer, Origin,Accept-Encoding","date":"Wed, 23 Sep 2020 21:01:50 GMT","server":"ESF","cache-control":"private","x-xss-protection":"0","x-frame-options":"SAMEORIGIN","x-content-type-options":"nosniff","alt-svc":"h3-Q050=\":443\"; ma=2592000,h3-29=\":443\"; ma=2592000,h3-27=\":443\"; ma=2592000,h3-T051=\":443\"; ma=2592000,h3-T050=\":443\"; ma=2592000,h3-Q046=\":443\"; ma=2592000,h3-Q043=\":443\"; ma=2592000,quic=\":443\"; ma=2592000; v=\"46,43\"","accept-ranges":"none","transfer-encoding":"chunked"}
[debug] [2020-09-23T21:01:51.531Z] >>> HTTP REQUEST GET https://cloudfunctions.googleapis.com/v1/operations/Y2hhbGxlbmdlLTQ3ODZhL3VzLWNlbnRyYWwxL2FwaS9scnVRMnNqenNwUQ  
 
[debug] [2020-09-23T21:01:51.961Z] <<< HTTP RESPONSE 200 {"content-type":"application/json; charset=UTF-8","vary":"X-Origin, Referer, Origin,Accept-Encoding","date":"Wed, 23 Sep 2020 21:01:52 GMT","server":"ESF","cache-control":"private","x-xss-protection":"0","x-frame-options":"SAMEORIGIN","x-content-type-options":"nosniff","alt-svc":"h3-Q050=\":443\"; ma=2592000,h3-29=\":443\"; ma=2592000,h3-27=\":443\"; ma=2592000,h3-T051=\":443\"; ma=2592000,h3-T050=\":443\"; ma=2592000,h3-Q046=\":443\"; ma=2592000,h3-Q043=\":443\"; ma=2592000,quic=\":443\"; ma=2592000; v=\"46,43\"","accept-ranges":"none","transfer-encoding":"chunked"}
[debug] [2020-09-23T21:01:53.995Z] >>> HTTP REQUEST GET https://cloudfunctions.googleapis.com/v1/operations/Y2hhbGxlbmdlLTQ3ODZhL3VzLWNlbnRyYWwxL2FwaS9scnVRMnNqenNwUQ  
 
[debug] [2020-09-23T21:01:54.412Z] <<< HTTP RESPONSE 200 {"content-type":"application/json; charset=UTF-8","vary":"X-Origin, Referer, Origin,Accept-Encoding","date":"Wed, 23 Sep 2020 21:01:55 GMT","server":"ESF","cache-control":"private","x-xss-protection":"0","x-frame-options":"SAMEORIGIN","x-content-type-options":"nosniff","alt-svc":"h3-Q050=\":443\"; ma=2592000,h3-29=\":443\"; ma=2592000,h3-27=\":443\"; ma=2592000,h3-T051=\":443\"; ma=2592000,h3-T050=\":443\"; ma=2592000,h3-Q046=\":443\"; ma=2592000,h3-Q043=\":443\"; ma=2592000,quic=\":443\"; ma=2592000; v=\"46,43\"","accept-ranges":"none","transfer-encoding":"chunked"}
[debug] [2020-09-23T21:01:56.430Z] >>> HTTP REQUEST GET https://cloudfunctions.googleapis.com/v1/operations/Y2hhbGxlbmdlLTQ3ODZhL3VzLWNlbnRyYWwxL2FwaS9scnVRMnNqenNwUQ  
 
[debug] [2020-09-23T21:01:56.853Z] <<< HTTP RESPONSE 200 {"content-type":"application/json; charset=UTF-8","vary":"X-Origin, Referer, Origin,Accept-Encoding","date":"Wed, 23 Sep 2020 21:01:57 GMT","server":"ESF","cache-control":"private","x-xss-protection":"0","x-frame-options":"SAMEORIGIN","x-content-type-options":"nosniff","alt-svc":"h3-Q050=\":443\"; ma=2592000,h3-29=\":443\"; ma=2592000,h3-27=\":443\"; ma=2592000,h3-T051=\":443\"; ma=2592000,h3-T050=\":443\"; ma=2592000,h3-Q046=\":443\"; ma=2592000,h3-Q043=\":443\"; ma=2592000,quic=\":443\"; ma=2592000; v=\"46,43\"","accept-ranges":"none","transfer-encoding":"chunked"}
[debug] [2020-09-23T21:01:58.867Z] >>> HTTP REQUEST GET https://cloudfunctions.googleapis.com/v1/operations/Y2hhbGxlbmdlLTQ3ODZhL3VzLWNlbnRyYWwxL2FwaS9scnVRMnNqenNwUQ  
 
[debug] [2020-09-23T21:01:59.317Z] <<< HTTP RESPONSE 200 {"content-type":"application/json; charset=UTF-8","vary":"X-Origin, Referer, Origin,Accept-Encoding","date":"Wed, 23 Sep 2020 21:02:00 GMT","server":"ESF","cache-control":"private","x-xss-protection":"0","x-frame-options":"SAMEORIGIN","x-content-type-options":"nosniff","alt-svc":"h3-Q050=\":443\"; ma=2592000,h3-29=\":443\"; ma=2592000,h3-27=\":443\"; ma=2592000,h3-T051=\":443\"; ma=2592000,h3-T050=\":443\"; ma=2592000,h3-Q046=\":443\"; ma=2592000,h3-Q043=\":443\"; ma=2592000,quic=\":443\"; ma=2592000; v=\"46,43\"","accept-ranges":"none","transfer-encoding":"chunked"}
[debug] [2020-09-23T21:02:01.364Z] >>> HTTP REQUEST GET https://cloudfunctions.googleapis.com/v1/operations/Y2hhbGxlbmdlLTQ3ODZhL3VzLWNlbnRyYWwxL2FwaS9scnVRMnNqenNwUQ  
 
[debug] [2020-09-23T21:02:01.858Z] <<< HTTP RESPONSE 200 {"content-type":"application/json; charset=UTF-8","vary":"X-Origin, Referer, Origin,Accept-Encoding","date":"Wed, 23 Sep 2020 21:02:02 GMT","server":"ESF","cache-control":"private","x-xss-protection":"0","x-frame-options":"SAMEORIGIN","x-content-type-options":"nosniff","alt-svc":"h3-Q050=\":443\"; ma=2592000,h3-29=\":443\"; ma=2592000,h3-27=\":443\"; ma=2592000,h3-T051=\":443\"; ma=2592000,h3-T050=\":443\"; ma=2592000,h3-Q046=\":443\"; ma=2592000,h3-Q043=\":443\"; ma=2592000,quic=\":443\"; ma=2592000; v=\"46,43\"","accept-ranges":"none","transfer-encoding":"chunked"}
[debug] [2020-09-23T21:02:03.877Z] >>> HTTP REQUEST GET https://cloudfunctions.googleapis.com/v1/operations/Y2hhbGxlbmdlLTQ3ODZhL3VzLWNlbnRyYWwxL2FwaS9scnVRMnNqenNwUQ  
 
[debug] [2020-09-23T21:02:04.307Z] <<< HTTP RESPONSE 200 {"content-type":"application/json; charset=UTF-8","vary":"X-Origin, Referer, Origin,Accept-Encoding","date":"Wed, 23 Sep 2020 21:02:05 GMT","server":"ESF","cache-control":"private","x-xss-protection":"0","x-frame-options":"SAMEORIGIN","x-content-type-options":"nosniff","alt-svc":"h3-Q050=\":443\"; ma=2592000,h3-29=\":443\"; ma=2592000,h3-27=\":443\"; ma=2592000,h3-T051=\":443\"; ma=2592000,h3-T050=\":443\"; ma=2592000,h3-Q046=\":443\"; ma=2592000,h3-Q043=\":443\"; ma=2592000,quic=\":443\"; ma=2592000; v=\"46,43\"","accept-ranges":"none","transfer-encoding":"chunked"}
[debug] [2020-09-23T21:02:06.336Z] >>> HTTP REQUEST GET https://cloudfunctions.googleapis.com/v1/operations/Y2hhbGxlbmdlLTQ3ODZhL3VzLWNlbnRyYWwxL2FwaS9scnVRMnNqenNwUQ  
 
[debug] [2020-09-23T21:02:06.738Z] <<< HTTP RESPONSE 200 {"content-type":"application/json; charset=UTF-8","vary":"X-Origin, Referer, Origin,Accept-Encoding","date":"Wed, 23 Sep 2020 21:02:07 GMT","server":"ESF","cache-control":"private","x-xss-protection":"0","x-frame-options":"SAMEORIGIN","x-content-type-options":"nosniff","alt-svc":"h3-Q050=\":443\"; ma=2592000,h3-29=\":443\"; ma=2592000,h3-27=\":443\"; ma=2592000,h3-T051=\":443\"; ma=2592000,h3-T050=\":443\"; ma=2592000,h3-Q046=\":443\"; ma=2592000,h3-Q043=\":443\"; ma=2592000,quic=\":443\"; ma=2592000; v=\"46,43\"","accept-ranges":"none","transfer-encoding":"chunked"}
[debug] [2020-09-23T21:02:08.771Z] >>> HTTP REQUEST GET https://cloudfunctions.googleapis.com/v1/operations/Y2hhbGxlbmdlLTQ3ODZhL3VzLWNlbnRyYWwxL2FwaS9scnVRMnNqenNwUQ  
 
[debug] [2020-09-23T21:02:09.179Z] <<< HTTP RESPONSE 200 {"content-type":"application/json; charset=UTF-8","vary":"X-Origin, Referer, Origin,Accept-Encoding","date":"Wed, 23 Sep 2020 21:02:10 GMT","server":"ESF","cache-control":"private","x-xss-protection":"0","x-frame-options":"SAMEORIGIN","x-content-type-options":"nosniff","alt-svc":"h3-Q050=\":443\"; ma=2592000,h3-29=\":443\"; ma=2592000,h3-27=\":443\"; ma=2592000,h3-T051=\":443\"; ma=2592000,h3-T050=\":443\"; ma=2592000,h3-Q046=\":443\"; ma=2592000,h3-Q043=\":443\"; ma=2592000,quic=\":443\"; ma=2592000; v=\"46,43\"","accept-ranges":"none","transfer-encoding":"chunked"}
[info] +  functions[api(us-central1)]: Successful create operation.  
[info] Function URL (api): https://us-central1-challenge-4786a.cloudfunctions.net/api
[debug] [2020-09-23T21:02:09.212Z] [
  {
    "config": {
      "public": "build",
      "ignore": [
        "firebase.json",
        "**/.*",
        "**/node_modules/**"
      ],
      "rewrites": [
        {
          "source": "**",
          "destination": "/index.html"
        }
      ],
      "site": "challenge-4786a"
    },
    "site": "challenge-4786a",
    "version": "sites/challenge-4786a/versions/b49531cce1ee160c"
  }
]
[info] i  hosting[challenge-4786a]: finalizing version... 
[debug] [2020-09-23T21:02:09.239Z] >>> HTTP REQUEST PATCH https://firebasehosting.googleapis.com/v1beta1/sites/challenge-4786a/versions/b49531cce1ee160c?updateMask=status  
 {"status":"FINALIZED"}
[debug] [2020-09-23T21:02:10.812Z] <<< HTTP RESPONSE 200 {"content-type":"application/json; charset=UTF-8","vary":"X-Origin, Referer, Origin,Accept-Encoding","date":"Wed, 23 Sep 2020 21:02:11 GMT","server":"ESF","cache-control":"private","x-xss-protection":"0","x-frame-options":"SAMEORIGIN","x-content-type-options":"nosniff","alt-svc":"h3-Q050=\":443\"; ma=2592000,h3-29=\":443\"; ma=2592000,h3-27=\":443\"; ma=2592000,h3-T051=\":443\"; ma=2592000,h3-T050=\":443\"; ma=2592000,h3-Q046=\":443\"; ma=2592000,h3-Q043=\":443\"; ma=2592000,quic=\":443\"; ma=2592000; v=\"46,43\"","accept-ranges":"none","transfer-encoding":"chunked"}
[debug] [2020-09-23T21:02:10.826Z] [hosting] finalized version for challenge-4786a: {"name":"sites/challenge-4786a/versions/b49531cce1ee160c","status":"FINALIZED","config":{"rewrites":[{"glob":"**","path":"/index.html"}]},"labels":{"deployment-tool":"cli-firebase"},"createTime":"2020-09-23T21:00:27.554964Z","createUser":{"email":"akhila.martia@gmail.com"},"finalizeTime":"2020-09-23T21:02:11.705660Z","finalizeUser":{"email":"akhila.martia@gmail.com"}}
[info] +  hosting[challenge-4786a]: version finalized 
[info] i  hosting[challenge-4786a]: releasing new version... 
[debug] [2020-09-23T21:02:10.841Z] >>> HTTP REQUEST POST https://firebasehosting.googleapis.com/v1beta1/sites/challenge-4786a/releases?version_name=sites/challenge-4786a/versions/b49531cce1ee160c  
 {"message":null}
[debug] [2020-09-23T21:02:12.395Z] <<< HTTP RESPONSE 200 {"content-type":"application/json; charset=UTF-8","vary":"X-Origin, Referer, Origin,Accept-Encoding","date":"Wed, 23 Sep 2020 21:02:13 GMT","server":"ESF","cache-control":"private","x-xss-protection":"0","x-frame-options":"SAMEORIGIN","x-content-type-options":"nosniff","alt-svc":"h3-Q050=\":443\"; ma=2592000,h3-29=\":443\"; ma=2592000,h3-27=\":443\"; ma=2592000,h3-T051=\":443\"; ma=2592000,h3-T050=\":443\"; ma=2592000,h3-Q046=\":443\"; ma=2592000,h3-Q043=\":443\"; ma=2592000,quic=\":443\"; ma=2592000; v=\"46,43\"","accept-ranges":"none","transfer-encoding":"chunked"}
[debug] [2020-09-23T21:02:12.425Z] [hosting] release: {"name":"sites/challenge-4786a/releases/1600894932710970","version":{"name":"sites/challenge-4786a/versions/b49531cce1ee160c","status":"FINALIZED","config":{"rewrites":[{"glob":"**","path":"/index.html"}]},"labels":{"deployment-tool":"cli-firebase"},"createTime":"2020-09-23T21:00:27.554964Z","createUser":{"email":"akhila.martia@gmail.com"},"finalizeTime":"2020-09-23T21:02:11.705660Z","finalizeUser":{"email":"akhila.martia@gmail.com"},"preview":{}},"type":"DEPLOY","releaseTime":"2020-09-23T21:02:12.710970006Z","releaseUser":{"email":"akhila.martia@gmail.com"}}
[info] +  hosting[challenge-4786a]: release complete 
[info] 
[info] +  Deploy complete! 
[info] 
[info] Project Console: https://console.firebase.google.com/project/challenge-4786a/overview
[info] Hosting URL: https://challenge-4786a.web.app
